
> cluso-admin@0.1.0 dev
> next dev --port 3001 --port 3010

▲ Next.js 16.1.6 (Turbopack)
- Local:         http://localhost:3010
- Network:       http://192.168.0.4:3010
- Environments: .env.local

✓ Starting...
✓ Ready in 1278ms
 GET / 200 in 715ms (compile: 613ms, render: 103ms)
 GET / 200 in 32ms (compile: 4ms, render: 28ms)
 GET /api/auth/session 200 in 1198ms (compile: 1178ms, render: 19ms)
 GET /api/auth/providers 200 in 39ms (compile: 8ms, render: 31ms)
 GET /api/auth/csrf 200 in 23ms (compile: 4ms, render: 19ms)
 POST /api/auth/callback/credentials 200 in 1381ms (compile: 3ms, render: 1378ms)
 GET /api/auth/session 200 in 14ms (compile: 6ms, render: 8ms)
 GET /dashboard 200 in 557ms (compile: 73ms, proxy.ts: 58ms, render: 425ms)
 GET /dashboard/settings 200 in 106ms (compile: 80ms, proxy.ts: 12ms, render: 14ms)
 GET /api/settings 200 in 153ms (compile: 91ms, render: 62ms)
 GET /api/settings 200 in 96ms (compile: 1569µs, render: 94ms)
 PUT /api/settings 200 in 145ms (compile: 4ms, render: 142ms)
✓ Compiled in 68ms
 GET /api/settings 200 in 77ms (compile: 3ms, render: 74ms)
 GET / 200 in 34ms (compile: 3ms, render: 31ms)
 GET /api/auth/session 200 in 35ms (compile: 9ms, render: 26ms)
 GET /api/auth/providers 200 in 41ms (compile: 8ms, render: 33ms)
 GET /api/auth/csrf 200 in 22ms (compile: 3ms, render: 20ms)
 POST /api/auth/callback/credentials 200 in 305ms (compile: 3ms, render: 302ms)
 GET /api/auth/session 200 in 30ms (compile: 1916µs, render: 28ms)
 GET /dashboard 200 in 511ms (compile: 3ms, proxy.ts: 4ms, render: 504ms)
 GET /dashboard/settings 200 in 85ms (compile: 58ms, proxy.ts: 5ms, render: 22ms)
 GET /api/settings 200 in 63ms (compile: 3ms, render: 60ms)
 GET /api/settings 200 in 57ms (compile: 1649µs, render: 55ms)
 GET /api/auth/session 200 in 40ms (compile: 11ms, render: 29ms)
 GET /api/auth/session 200 in 37ms (compile: 14ms, render: 23ms)
 GET /dashboard/settings 200 in 156ms (compile: 6ms, proxy.ts: 7ms, render: 143ms)
 GET /api/auth/session 200 in 137ms (compile: 12ms, render: 125ms)
 GET /api/settings 200 in 195ms (compile: 128ms, render: 67ms)
 GET /api/auth/session 200 in 52ms (compile: 15ms, render: 37ms)
 PUT /api/settings 200 in 144ms (compile: 1817µs, render: 142ms)
 GET /api/auth/session 200 in 42ms (compile: 13ms, render: 29ms)
 PUT /api/settings 200 in 118ms (compile: 3ms, render: 116ms)
 GET /api/auth/session 200 in 20ms (compile: 12ms, render: 8ms)
 GET /api/auth/csrf 200 in 34ms (compile: 8ms, render: 27ms)
 POST /api/auth/signout 200 in 39ms (compile: 1961µs, render: 37ms)
